[2025-01-18 15:19:48,400] 40 root - INFO - Start data ingestion
[2025-01-18 15:19:52,442] 61 root - INFO - Performed train test split on the dataframe
[2025-01-18 15:19:52,442] 63 root - INFO - Exited split_data_as_train_test method of Data_Ingestion class
[2025-01-18 15:19:52,442] 71 root - INFO - Exporting train and test file path.
[2025-01-18 15:19:52,533] 80 root - INFO - Exported train and test file path.
[2025-01-18 15:19:52,533] 43 root - INFO - Data Ingestion completed and artifact: DataIngestionArtifact(trained_file_path='Artifacts\\01_18_2025_15_19_22\\data_ingestion\\ingested\\train.csv', test_file_path='Artifacts\\01_18_2025_15_19_22\\data_ingestion\\ingested\\test.csv')
[2025-01-18 15:19:52,550] 53 root - INFO - Initiate the data Validation
[2025-01-18 15:19:52,650] 31 root - INFO - Required number of columns:2
[2025-01-18 15:19:52,650] 32 root - INFO - Data Frame has columns:31
[2025-01-18 15:19:52,650] 31 root - INFO - Required number of columns:2
[2025-01-18 15:19:52,650] 32 root - INFO - Data Frame has columns:31
[2025-01-18 15:19:52,900] 63 root - INFO - Entered initiate_data_transformation method of DataTransformation class
[2025-01-18 15:19:52,900] 65 root - INFO - Strating data transformation
[2025-01-18 15:19:52,955] 49 root - INFO - Entered get_data_transformer_object method of Transformation class
[2025-01-18 15:19:52,955] 54 root - INFO - Initialise KNNImputer with {'missing_values': nan, 'n_neighbors': 3, 'weights': 'uniform'}
[2025-01-18 15:19:52,987] 47 root - INFO - Entered the save_object method of Mainutils class
[2025-01-18 15:19:52,989] 51 root - INFO - Exited the save_object method of Mainutils class
[2025-01-18 15:19:52,989] 47 root - INFO - Entered the save_object method of Mainutils class
[2025-01-18 15:19:52,989] 51 root - INFO - Exited the save_object method of Mainutils class
[2025-01-18 15:23:07,800] 47 root - INFO - Entered the save_object method of Mainutils class
[2025-01-18 15:23:07,800] 51 root - INFO - Exited the save_object method of Mainutils class
[2025-01-18 15:23:07,800] 47 root - INFO - Entered the save_object method of Mainutils class
[2025-01-18 15:23:07,807] 51 root - INFO - Exited the save_object method of Mainutils class
[2025-01-18 15:23:07,807] 113 root - INFO - Model trainer artifact: ModelTrainerArtifact(trained_model_file_path='Artifacts\\01_18_2025_15_19_22\\model_trainer\\trained_model\\model.pkl', train_metric_artifact=ClassificationMetricArtifact(f1_score=0.9909800344582953, precision_score=0.988675429726997, recall_score=0.9932954083705811), test_metric_artifact=ClassificationMetricArtifact(f1_score=0.9801860088960777, precision_score=0.9789983844911146, recall_score=0.9813765182186235))
