[2025-01-18 00:44:35,724] 40 root - INFO - Start data ingestion
[2025-01-18 00:44:37,621] 61 root - INFO - Performed train test split on the dataframe
[2025-01-18 00:44:37,621] 63 root - INFO - Exited split_data_as_train_test method of Data_Ingestion class
[2025-01-18 00:44:37,621] 71 root - INFO - Exporting train and test file path.
[2025-01-18 00:44:37,654] 80 root - INFO - Exported train and test file path.
[2025-01-18 00:44:37,654] 43 root - INFO - Data Ingestion completed and artifact: DataIngestionArtifact(trained_file_path='Artifacts\\01_18_2025_00_43_41\\data_ingestion\\ingested\\train.csv', test_file_path='Artifacts\\01_18_2025_00_43_41\\data_ingestion\\ingested\\test.csv')
[2025-01-18 00:44:37,671] 53 root - INFO - Initiate the data Validation
[2025-01-18 00:44:37,722] 31 root - INFO - Required number of columns:2
[2025-01-18 00:44:37,730] 32 root - INFO - Data Frame has columns:31
[2025-01-18 00:44:37,730] 31 root - INFO - Required number of columns:2
[2025-01-18 00:44:37,730] 32 root - INFO - Data Frame has columns:31
[2025-01-18 00:44:37,837] 63 root - INFO - Entered initiate_data_transformation method of DataTransformation class
[2025-01-18 00:44:37,837] 65 root - INFO - Strating data transformation
[2025-01-18 00:44:37,854] 49 root - INFO - Entered get_data_transformer_object method of Transformation class
[2025-01-18 00:44:37,854] 54 root - INFO - Initialise KNNImputer with {'missing_values': nan, 'n_neighbors': 3, 'weights': 'uniform'}
[2025-01-18 00:44:37,871] 47 root - INFO - Entered the save_object method of Mainutils class
[2025-01-18 00:44:37,871] 51 root - INFO - Exited the save_object method of Mainutils class
[2025-01-18 00:44:37,871] 47 root - INFO - Entered the save_object method of Mainutils class
[2025-01-18 00:44:37,871] 51 root - INFO - Exited the save_object method of Mainutils class
[2025-01-18 00:47:40,843] 47 root - INFO - Entered the save_object method of Mainutils class
[2025-01-18 00:47:40,844] 51 root - INFO - Exited the save_object method of Mainutils class
[2025-01-18 00:47:40,844] 47 root - INFO - Entered the save_object method of Mainutils class
[2025-01-18 00:47:40,847] 51 root - INFO - Exited the save_object method of Mainutils class
[2025-01-18 00:47:40,847] 113 root - INFO - Model trainer artifact: ModelTrainerArtifact(trained_model_file_path='Artifacts\\01_18_2025_00_43_41\\model_trainer\\trained_model\\model.pkl', train_metric_artifact=ClassificationMetricArtifact(f1_score=0.9912244897959184, precision_score=0.9894072112446527, recall_score=0.993048456348395), test_metric_artifact=ClassificationMetricArtifact(f1_score=0.9754940711462451, precision_score=0.9762658227848101, recall_score=0.9747235387045814))
