[2025-01-18 14:53:42,541] 40 root - INFO - Start data ingestion
[2025-01-18 14:53:46,420] 61 root - INFO - Performed train test split on the dataframe
[2025-01-18 14:53:46,420] 63 root - INFO - Exited split_data_as_train_test method of Data_Ingestion class
[2025-01-18 14:53:46,420] 71 root - INFO - Exporting train and test file path.
[2025-01-18 14:53:46,577] 80 root - INFO - Exported train and test file path.
[2025-01-18 14:53:46,577] 43 root - INFO - Data Ingestion completed and artifact: DataIngestionArtifact(trained_file_path='Artifacts\\01_18_2025_14_53_10\\data_ingestion\\ingested\\train.csv', test_file_path='Artifacts\\01_18_2025_14_53_10\\data_ingestion\\ingested\\test.csv')
[2025-01-18 14:53:46,609] 53 root - INFO - Initiate the data Validation
[2025-01-18 14:53:46,706] 31 root - INFO - Required number of columns:2
[2025-01-18 14:53:46,706] 32 root - INFO - Data Frame has columns:31
[2025-01-18 14:53:46,706] 31 root - INFO - Required number of columns:2
[2025-01-18 14:53:46,706] 32 root - INFO - Data Frame has columns:31
[2025-01-18 14:53:47,240] 63 root - INFO - Entered initiate_data_transformation method of DataTransformation class
[2025-01-18 14:53:47,240] 65 root - INFO - Strating data transformation
[2025-01-18 14:53:47,287] 49 root - INFO - Entered get_data_transformer_object method of Transformation class
[2025-01-18 14:53:47,287] 54 root - INFO - Initialise KNNImputer with {'missing_values': nan, 'n_neighbors': 3, 'weights': 'uniform'}
[2025-01-18 14:53:47,319] 47 root - INFO - Entered the save_object method of Mainutils class
[2025-01-18 14:53:47,319] 51 root - INFO - Exited the save_object method of Mainutils class
[2025-01-18 14:53:47,319] 47 root - INFO - Entered the save_object method of Mainutils class
[2025-01-18 14:53:47,335] 51 root - INFO - Exited the save_object method of Mainutils class
[2025-01-18 14:57:04,265] 47 root - INFO - Entered the save_object method of Mainutils class
[2025-01-18 14:57:04,265] 51 root - INFO - Exited the save_object method of Mainutils class
[2025-01-18 14:57:04,265] 47 root - INFO - Entered the save_object method of Mainutils class
[2025-01-18 14:57:04,281] 51 root - INFO - Exited the save_object method of Mainutils class
[2025-01-18 14:57:04,281] 113 root - INFO - Model trainer artifact: ModelTrainerArtifact(trained_model_file_path='Artifacts\\01_18_2025_14_53_10\\model_trainer\\trained_model\\model.pkl', train_metric_artifact=ClassificationMetricArtifact(f1_score=0.9915262889229198, precision_score=0.9883981274170568, recall_score=0.9946743138058173), test_metric_artifact=ClassificationMetricArtifact(f1_score=0.9726134585289515, precision_score=0.970335675253708, recall_score=0.9749019607843137))
